Grammar

    0 $accept: E $end

    1 E: E '1'
    2  | E '0'
    3  | %empty


Terminals, with rules where they appear

$end (0) 0
'0' (48) 2
'1' (49) 1
error (256)


Nonterminals, with rules where they appear

$accept (5)
    on left: 0
E (6)
    on left: 1 2 3, on right: 0 1 2


State 0

    0 $accept: . E $end

    $default  reduce using rule 3 (E)

    E  go to state 1


State 1

    0 $accept: E . $end
    1 E: E . '1'
    2  | E . '0'

    $end  shift, and go to state 2
    '1'   shift, and go to state 3
    '0'   shift, and go to state 4


State 2

    0 $accept: E $end .

    $default  accept


State 3

    1 E: E '1' .

    $default  reduce using rule 1 (E)


State 4

    2 E: E '0' .

    $default  reduce using rule 2 (E)
