Grammar

    0 $accept: line $end

    1 line: E '\n'

    2 E: '2' E '2'
    3  | '3' E '3'
    4  | '4'


Terminals, with rules where they appear

$end (0) 0
'\n' (10) 1
'2' (50) 2
'3' (51) 3
'4' (52) 4
error (256)


Nonterminals, with rules where they appear

$accept (7)
    on left: 0
line (8)
    on left: 1, on right: 0
E (9)
    on left: 2 3 4, on right: 1 2 3


State 0

    0 $accept: . line $end

    '2'  shift, and go to state 1
    '3'  shift, and go to state 2
    '4'  shift, and go to state 3

    line  go to state 4
    E     go to state 5


State 1

    2 E: '2' . E '2'

    '2'  shift, and go to state 1
    '3'  shift, and go to state 2
    '4'  shift, and go to state 3

    E  go to state 6


State 2

    3 E: '3' . E '3'

    '2'  shift, and go to state 1
    '3'  shift, and go to state 2
    '4'  shift, and go to state 3

    E  go to state 7


State 3

    4 E: '4' .

    $default  reduce using rule 4 (E)


State 4

    0 $accept: line . $end

    $end  shift, and go to state 8


State 5

    1 line: E . '\n'

    '\n'  shift, and go to state 9


State 6

    2 E: '2' E . '2'

    '2'  shift, and go to state 10


State 7

    3 E: '3' E . '3'

    '3'  shift, and go to state 11


State 8

    0 $accept: line $end .

    $default  accept


State 9

    1 line: E '\n' .

    $default  reduce using rule 1 (line)


State 10

    2 E: '2' E '2' .

    $default  reduce using rule 2 (E)


State 11

    3 E: '3' E '3' .

    $default  reduce using rule 3 (E)
